<?xml version="1.0" encoding="UTF-8"?>
<!-- Generated by org.testng.reporters.JUnitXMLReporter -->
<testsuite ignored="0" hostname="admins-mbp.home" failures="17" tests="17" name="test" time="1.184" errors="0" timestamp="08 Nov 2019 06:45:34 GMT">
  <testcase classname="AppTest" name="verify" time="0.709">
    <failure type="org.openqa.selenium.WebDriverException" message="Connection refused (Connection refused)
Build info: version: &amp;apos;3.141.59&amp;apos;, revision: &amp;apos;e82be7d358&amp;apos;, time: &amp;apos;2018-11-14T08:17:03&amp;apos;
System info: host: &amp;apos;admins-mbp.home&amp;apos;, ip: &amp;apos;192.168.10.5&amp;apos;, os.name: &amp;apos;Mac OS X&amp;apos;, os.arch: &amp;apos;x86_64&amp;apos;, os.version: &amp;apos;10.14.6&amp;apos;, java.version: &amp;apos;12.0.2&amp;apos;
Driver info: driver.version: AppiumDriver">
      <![CDATA[org.openqa.selenium.WebDriverException: Connection refused (Connection refused)
Build info: version: '3.141.59', revision: 'e82be7d358', time: '2018-11-14T08:17:03'
System info: host: 'admins-mbp.home', ip: '192.168.10.5', os.name: 'Mac OS X', os.arch: 'x86_64', os.version: '10.14.6', java.version: '12.0.2'
Driver info: driver.version: AppiumDriver
at io.appium.java_client.remote.AppiumCommandExecutor.lambda$5(AppiumCommandExecutor.java:251)
at java.base/java.util.Optional.orElseGet(Optional.java:369)
at io.appium.java_client.remote.AppiumCommandExecutor.execute(AppiumCommandExecutor.java:250)
at org.openqa.selenium.remote.RemoteWebDriver.execute(RemoteWebDriver.java:552)
at io.appium.java_client.DefaultGenericMobileDriver.execute(DefaultGenericMobileDriver.java:41)
at io.appium.java_client.AppiumDriver.execute(AppiumDriver.java:1)
at org.openqa.selenium.remote.RemoteWebDriver.startSession(RemoteWebDriver.java:213)
at io.appium.java_client.AppiumDriver.startSession(AppiumDriver.java:323)
at org.openqa.selenium.remote.RemoteWebDriver.<init>(RemoteWebDriver.java:131)
at io.appium.java_client.DefaultGenericMobileDriver.<init>(DefaultGenericMobileDriver.java:37)
at io.appium.java_client.AppiumDriver.<init>(AppiumDriver.java:86)
at io.appium.java_client.AppiumDriver.<init>(AppiumDriver.java:96)
at AppTest.verify(AppTest.java:46)
Caused by: java.net.ConnectException: Connection refused (Connection refused)
at java.base/java.net.PlainSocketImpl.socketConnect(Native Method)
at java.base/java.net.AbstractPlainSocketImpl.doConnect(AbstractPlainSocketImpl.java:399)
at java.base/java.net.AbstractPlainSocketImpl.connectToAddress(AbstractPlainSocketImpl.java:242)
at java.base/java.net.AbstractPlainSocketImpl.connect(AbstractPlainSocketImpl.java:224)
at java.base/java.net.SocksSocketImpl.connect(SocksSocketImpl.java:403)
at java.base/java.net.Socket.connect(Socket.java:591)
at okhttp3.internal.platform.Platform.connectSocket(Platform.java:129)
at okhttp3.internal.connection.RealConnection.connectSocket(RealConnection.java:245)
at okhttp3.internal.connection.RealConnection.connect(RealConnection.java:165)
at okhttp3.internal.connection.StreamAllocation.findConnection(StreamAllocation.java:257)
at okhttp3.internal.connection.StreamAllocation.findHealthyConnection(StreamAllocation.java:135)
at okhttp3.internal.connection.StreamAllocation.newStream(StreamAllocation.java:114)
at okhttp3.internal.connection.ConnectInterceptor.intercept(ConnectInterceptor.java:42)
at okhttp3.internal.http.RealInterceptorChain.proceed(RealInterceptorChain.java:147)
at okhttp3.internal.http.RealInterceptorChain.proceed(RealInterceptorChain.java:121)
at okhttp3.internal.cache.CacheInterceptor.intercept(CacheInterceptor.java:93)
at okhttp3.internal.http.RealInterceptorChain.proceed(RealInterceptorChain.java:147)
at okhttp3.internal.http.RealInterceptorChain.proceed(RealInterceptorChain.java:121)
at okhttp3.internal.http.BridgeInterceptor.intercept(BridgeInterceptor.java:93)
at okhttp3.internal.http.RealInterceptorChain.proceed(RealInterceptorChain.java:147)
at okhttp3.internal.http.RetryAndFollowUpInterceptor.intercept(RetryAndFollowUpInterceptor.java:126)
at okhttp3.internal.http.RealInterceptorChain.proceed(RealInterceptorChain.java:147)
at okhttp3.internal.http.RealInterceptorChain.proceed(RealInterceptorChain.java:121)
at okhttp3.RealCall.getResponseWithInterceptorChain(RealCall.java:200)
at okhttp3.RealCall.execute(RealCall.java:77)
at org.openqa.selenium.remote.internal.OkHttpClient.execute(OkHttpClient.java:103)
at org.openqa.selenium.remote.ProtocolHandshake.createSession(ProtocolHandshake.java:105)
at io.appium.java_client.remote.AppiumCommandExecutor$1.createSession(AppiumCommandExecutor.java:186)
at io.appium.java_client.remote.AppiumCommandExecutor.createSession(AppiumCommandExecutor.java:217)
at io.appium.java_client.remote.AppiumCommandExecutor.execute(AppiumCommandExecutor.java:239)
... 35 more
... Removed 29 stack frames]]>
    </failure>
  </testcase> <!-- verify -->
  <testcase classname="AppTest" name="verify2" time="0.194">
    <failure type="java.lang.IllegalArgumentException" message="Can not set io.appium.java_client.MobileElement field LoginPage.organizationIdentifier to org.openqa.selenium.remote.RemoteWebElement$$EnhancerByCGLIB$$d27c0df4">
      <![CDATA[java.lang.IllegalArgumentException: Can not set io.appium.java_client.MobileElement field LoginPage.organizationIdentifier to org.openqa.selenium.remote.RemoteWebElement$$EnhancerByCGLIB$$d27c0df4
at org.openqa.selenium.support.PageFactory.proxyFields(PageFactory.java:117)
at org.openqa.selenium.support.PageFactory.initElements(PageFactory.java:105)
at LoginPage.<init>(LoginPage.java:30)
at AppTest.verify2(AppTest.java:63)
... Removed 29 stack frames]]>
    </failure>
  </testcase> <!-- verify2 -->
  <testcase classname="AppTest" name="test3" time="0.013">
    <failure type="java.lang.IllegalArgumentException" message="Can not set io.appium.java_client.MobileElement field LoginPage.organizationIdentifier to org.openqa.selenium.remote.RemoteWebElement$$EnhancerByCGLIB$$d27c0df4">
      <![CDATA[java.lang.IllegalArgumentException: Can not set io.appium.java_client.MobileElement field LoginPage.organizationIdentifier to org.openqa.selenium.remote.RemoteWebElement$$EnhancerByCGLIB$$d27c0df4
at org.openqa.selenium.support.PageFactory.proxyFields(PageFactory.java:117)
at org.openqa.selenium.support.PageFactory.initElements(PageFactory.java:105)
at LoginPage.<init>(LoginPage.java:30)
at AppTest.test3(AppTest.java:74)
... Removed 29 stack frames]]>
    </failure>
  </testcase> <!-- test3 -->
  <testcase classname="AppTest" name="test4" time="0.007">
    <failure type="java.lang.IllegalArgumentException" message="Can not set io.appium.java_client.MobileElement field LoginPage.organizationIdentifier to org.openqa.selenium.remote.RemoteWebElement$$EnhancerByCGLIB$$d27c0df4">
      <![CDATA[java.lang.IllegalArgumentException: Can not set io.appium.java_client.MobileElement field LoginPage.organizationIdentifier to org.openqa.selenium.remote.RemoteWebElement$$EnhancerByCGLIB$$d27c0df4
at org.openqa.selenium.support.PageFactory.proxyFields(PageFactory.java:117)
at org.openqa.selenium.support.PageFactory.initElements(PageFactory.java:105)
at LoginPage.<init>(LoginPage.java:30)
at AppTest.test4(AppTest.java:86)
... Removed 29 stack frames]]>
    </failure>
  </testcase> <!-- test4 -->
  <testcase classname="AppTest" name="test5" time="0.006">
    <failure type="java.lang.IllegalArgumentException" message="Can not set io.appium.java_client.MobileElement field LoginPage.organizationIdentifier to org.openqa.selenium.remote.RemoteWebElement$$EnhancerByCGLIB$$d27c0df4">
      <![CDATA[java.lang.IllegalArgumentException: Can not set io.appium.java_client.MobileElement field LoginPage.organizationIdentifier to org.openqa.selenium.remote.RemoteWebElement$$EnhancerByCGLIB$$d27c0df4
at org.openqa.selenium.support.PageFactory.proxyFields(PageFactory.java:117)
at org.openqa.selenium.support.PageFactory.initElements(PageFactory.java:105)
at LoginPage.<init>(LoginPage.java:30)
at AppTest.test5(AppTest.java:98)
... Removed 29 stack frames]]>
    </failure>
  </testcase> <!-- test5 -->
  <testcase classname="AppTest" name="test7" time="0.005">
    <failure type="java.lang.IllegalArgumentException" message="Can not set io.appium.java_client.MobileElement field ProgrammesPage.program_code to org.openqa.selenium.remote.RemoteWebElement$$EnhancerByCGLIB$$d27c0df4">
      <![CDATA[java.lang.IllegalArgumentException: Can not set io.appium.java_client.MobileElement field ProgrammesPage.program_code to org.openqa.selenium.remote.RemoteWebElement$$EnhancerByCGLIB$$d27c0df4
at org.openqa.selenium.support.PageFactory.proxyFields(PageFactory.java:117)
at org.openqa.selenium.support.PageFactory.initElements(PageFactory.java:105)
at ProgrammesPage.<init>(ProgrammesPage.java:22)
at AppTest.test7(AppTest.java:127)
... Removed 29 stack frames]]>
    </failure>
  </testcase> <!-- test7 -->
  <testcase classname="AppTest" name="test8" time="0.002">
    <failure type="java.lang.IllegalArgumentException" message="Can not set io.appium.java_client.MobileElement field ProgrammesPage.program_code to org.openqa.selenium.remote.RemoteWebElement$$EnhancerByCGLIB$$d27c0df4">
      <![CDATA[java.lang.IllegalArgumentException: Can not set io.appium.java_client.MobileElement field ProgrammesPage.program_code to org.openqa.selenium.remote.RemoteWebElement$$EnhancerByCGLIB$$d27c0df4
at org.openqa.selenium.support.PageFactory.proxyFields(PageFactory.java:117)
at org.openqa.selenium.support.PageFactory.initElements(PageFactory.java:105)
at ProgrammesPage.<init>(ProgrammesPage.java:22)
at AppTest.test8(AppTest.java:139)
... Removed 29 stack frames]]>
    </failure>
  </testcase> <!-- test8 -->
  <testcase classname="AppTest" name="test9" time="0.003">
    <failure type="java.lang.IllegalArgumentException" message="Can not set io.appium.java_client.MobileElement field ProgrammesPage.program_code to org.openqa.selenium.remote.RemoteWebElement$$EnhancerByCGLIB$$d27c0df4">
      <![CDATA[java.lang.IllegalArgumentException: Can not set io.appium.java_client.MobileElement field ProgrammesPage.program_code to org.openqa.selenium.remote.RemoteWebElement$$EnhancerByCGLIB$$d27c0df4
at org.openqa.selenium.support.PageFactory.proxyFields(PageFactory.java:117)
at org.openqa.selenium.support.PageFactory.initElements(PageFactory.java:105)
at ProgrammesPage.<init>(ProgrammesPage.java:22)
at AppTest.test9(AppTest.java:149)
... Removed 29 stack frames]]>
    </failure>
  </testcase> <!-- test9 -->
  <testcase classname="AppTest" name="test10" time="0.006">
    <failure type="java.lang.IllegalArgumentException" message="Can not set io.appium.java_client.MobileElement field ProgrammesPage.program_code to org.openqa.selenium.remote.RemoteWebElement$$EnhancerByCGLIB$$d27c0df4">
      <![CDATA[java.lang.IllegalArgumentException: Can not set io.appium.java_client.MobileElement field ProgrammesPage.program_code to org.openqa.selenium.remote.RemoteWebElement$$EnhancerByCGLIB$$d27c0df4
at org.openqa.selenium.support.PageFactory.proxyFields(PageFactory.java:117)
at org.openqa.selenium.support.PageFactory.initElements(PageFactory.java:105)
at ProgrammesPage.<init>(ProgrammesPage.java:22)
at AppTest.test10(AppTest.java:161)
... Removed 29 stack frames]]>
    </failure>
  </testcase> <!-- test10 -->
  <testcase classname="AppTest" name="test11" time="0.002">
    <failure type="java.lang.IllegalArgumentException" message="Can not set io.appium.java_client.MobileElement field ProgrammesPage.program_code to org.openqa.selenium.remote.RemoteWebElement$$EnhancerByCGLIB$$d27c0df4">
      <![CDATA[java.lang.IllegalArgumentException: Can not set io.appium.java_client.MobileElement field ProgrammesPage.program_code to org.openqa.selenium.remote.RemoteWebElement$$EnhancerByCGLIB$$d27c0df4
at org.openqa.selenium.support.PageFactory.proxyFields(PageFactory.java:117)
at org.openqa.selenium.support.PageFactory.initElements(PageFactory.java:105)
at ProgrammesPage.<init>(ProgrammesPage.java:22)
at AppTest.test11(AppTest.java:172)
... Removed 29 stack frames]]>
    </failure>
  </testcase> <!-- test11 -->
  <testcase classname="AppTest" name="test12" time="0.008">
    <failure type="java.lang.IllegalArgumentException" message="Can not set io.appium.java_client.MobileElement field ProgrammesPage.program_code to org.openqa.selenium.remote.RemoteWebElement$$EnhancerByCGLIB$$d27c0df4">
      <![CDATA[java.lang.IllegalArgumentException: Can not set io.appium.java_client.MobileElement field ProgrammesPage.program_code to org.openqa.selenium.remote.RemoteWebElement$$EnhancerByCGLIB$$d27c0df4
at org.openqa.selenium.support.PageFactory.proxyFields(PageFactory.java:117)
at org.openqa.selenium.support.PageFactory.initElements(PageFactory.java:105)
at ProgrammesPage.<init>(ProgrammesPage.java:22)
at AppTest.test12(AppTest.java:183)
... Removed 29 stack frames]]>
    </failure>
  </testcase> <!-- test12 -->
  <testcase classname="AppTest" name="test13" time="0.002">
    <failure type="java.lang.IllegalArgumentException" message="Can not set io.appium.java_client.MobileElement field ProgrammesPage.program_code to org.openqa.selenium.remote.RemoteWebElement$$EnhancerByCGLIB$$d27c0df4">
      <![CDATA[java.lang.IllegalArgumentException: Can not set io.appium.java_client.MobileElement field ProgrammesPage.program_code to org.openqa.selenium.remote.RemoteWebElement$$EnhancerByCGLIB$$d27c0df4
at org.openqa.selenium.support.PageFactory.proxyFields(PageFactory.java:117)
at org.openqa.selenium.support.PageFactory.initElements(PageFactory.java:105)
at ProgrammesPage.<init>(ProgrammesPage.java:22)
at AppTest.test13(AppTest.java:195)
... Removed 29 stack frames]]>
    </failure>
  </testcase> <!-- test13 -->
  <testcase classname="AppTest" name="test14" time="0.007">
    <failure type="java.lang.IllegalArgumentException" message="Can not set io.appium.java_client.MobileElement field ProgrammesPage.program_code to org.openqa.selenium.remote.RemoteWebElement$$EnhancerByCGLIB$$d27c0df4">
      <![CDATA[java.lang.IllegalArgumentException: Can not set io.appium.java_client.MobileElement field ProgrammesPage.program_code to org.openqa.selenium.remote.RemoteWebElement$$EnhancerByCGLIB$$d27c0df4
at org.openqa.selenium.support.PageFactory.proxyFields(PageFactory.java:117)
at org.openqa.selenium.support.PageFactory.initElements(PageFactory.java:105)
at ProgrammesPage.<init>(ProgrammesPage.java:22)
at AppTest.test14(AppTest.java:206)
... Removed 29 stack frames]]>
    </failure>
  </testcase> <!-- test14 -->
  <testcase classname="AppTest" name="test15" time="0.007">
    <failure type="java.lang.IllegalArgumentException" message="Can not set io.appium.java_client.MobileElement field ProgrammesPage.program_code to org.openqa.selenium.remote.RemoteWebElement$$EnhancerByCGLIB$$d27c0df4">
      <![CDATA[java.lang.IllegalArgumentException: Can not set io.appium.java_client.MobileElement field ProgrammesPage.program_code to org.openqa.selenium.remote.RemoteWebElement$$EnhancerByCGLIB$$d27c0df4
at org.openqa.selenium.support.PageFactory.proxyFields(PageFactory.java:117)
at org.openqa.selenium.support.PageFactory.initElements(PageFactory.java:105)
at ProgrammesPage.<init>(ProgrammesPage.java:22)
at AppTest.test15(AppTest.java:217)
... Removed 29 stack frames]]>
    </failure>
  </testcase> <!-- test15 -->
  <testcase classname="AppTest" name="test16" time="0.002">
    <failure type="java.lang.IllegalArgumentException" message="Can not set io.appium.java_client.MobileElement field ProgrammesPage.program_code to org.openqa.selenium.remote.RemoteWebElement$$EnhancerByCGLIB$$d27c0df4">
      <![CDATA[java.lang.IllegalArgumentException: Can not set io.appium.java_client.MobileElement field ProgrammesPage.program_code to org.openqa.selenium.remote.RemoteWebElement$$EnhancerByCGLIB$$d27c0df4
at org.openqa.selenium.support.PageFactory.proxyFields(PageFactory.java:117)
at org.openqa.selenium.support.PageFactory.initElements(PageFactory.java:105)
at ProgrammesPage.<init>(ProgrammesPage.java:22)
at AppTest.test16(AppTest.java:229)
... Removed 29 stack frames]]>
    </failure>
  </testcase> <!-- test16 -->
  <testcase classname="AppTest" name="test17" time="0.007">
    <failure type="java.lang.IllegalArgumentException" message="Can not set io.appium.java_client.MobileElement field ProgrammesPage.program_code to org.openqa.selenium.remote.RemoteWebElement$$EnhancerByCGLIB$$d27c0df4">
      <![CDATA[java.lang.IllegalArgumentException: Can not set io.appium.java_client.MobileElement field ProgrammesPage.program_code to org.openqa.selenium.remote.RemoteWebElement$$EnhancerByCGLIB$$d27c0df4
at org.openqa.selenium.support.PageFactory.proxyFields(PageFactory.java:117)
at org.openqa.selenium.support.PageFactory.initElements(PageFactory.java:105)
at ProgrammesPage.<init>(ProgrammesPage.java:22)
at AppTest.test17(AppTest.java:241)
... Removed 29 stack frames]]>
    </failure>
  </testcase> <!-- test17 -->
  <testcase classname="AppTest" name="test18" time="0.009">
    <failure type="java.lang.IllegalArgumentException" message="Can not set io.appium.java_client.MobileElement field ProgrammesPage.program_code to org.openqa.selenium.remote.RemoteWebElement$$EnhancerByCGLIB$$d27c0df4">
      <![CDATA[java.lang.IllegalArgumentException: Can not set io.appium.java_client.MobileElement field ProgrammesPage.program_code to org.openqa.selenium.remote.RemoteWebElement$$EnhancerByCGLIB$$d27c0df4
at org.openqa.selenium.support.PageFactory.proxyFields(PageFactory.java:117)
at org.openqa.selenium.support.PageFactory.initElements(PageFactory.java:105)
at ProgrammesPage.<init>(ProgrammesPage.java:22)
at AppTest.test18(AppTest.java:253)
... Removed 29 stack frames]]>
    </failure>
  </testcase> <!-- test18 -->
</testsuite> <!-- test -->
